[2018-06-25T15:18:52.180] [INFO] console - Time: 1529911132180
[2018-06-25T15:18:52.183] [INFO] console - Route {
  path: '/test',
  stack: 
   [ Layer {
       handle: [Function],
       name: '<anonymous>',
       params: undefined,
       path: undefined,
       keys: [],
       regexp: /^\/?$/i,
       method: 'get' } ],
  methods: { get: true } }
[2018-06-25T15:18:59.083] [INFO] console - Time: 1529911139083
[2018-06-25T15:18:59.086] [INFO] console - Route {
  path: '/test',
  stack: 
   [ Layer {
       handle: [Function],
       name: '<anonymous>',
       params: undefined,
       path: undefined,
       keys: [],
       regexp: /^\/?$/i,
       method: 'get' } ],
  methods: { get: true } }
[2018-06-25T15:19:14.382] [INFO] console - Time: 1529911154382
[2018-06-25T15:19:14.385] [INFO] console - Route {
  path: '/test',
  stack: 
   [ Layer {
       handle: [Function],
       name: '<anonymous>',
       params: undefined,
       path: undefined,
       keys: [],
       regexp: /^\/?$/i,
       method: 'get' } ],
  methods: { get: true } }
[2018-06-25T15:22:17.877] [INFO] console - Time: 1529911337877
[2018-06-25T15:22:17.881] [INFO] console - {"path":"/test","stack":[{"name":"<anonymous>","keys":[],"regexp":{"fast_star":false,"fast_slash":false},"method":"get"}],"methods":{"get":true}}
[2018-06-25T15:25:01.572] [INFO] console - Time: 1529911501571
[2018-06-25T15:25:01.579] [INFO] console - {"path":"/test","stack":[{"name":"<anonymous>","keys":[],"regexp":{"fast_star":false,"fast_slash":false},"method":"get"}],"methods":{"get":true}}
[2018-06-25T15:25:09.621] [INFO] console - Time: 1529911509621
[2018-06-25T15:25:09.624] [INFO] console - {"path":"/test","stack":[{"name":"<anonymous>","keys":[],"regexp":{"fast_star":false,"fast_slash":false},"method":"get"}],"methods":{"get":true}}
[2018-06-25T15:25:22.653] [INFO] console - Time: 1529911522653
[2018-06-25T15:25:22.659] [INFO] console - {"path":"/test","stack":[{"name":"<anonymous>","keys":[],"regexp":{"fast_star":false,"fast_slash":false},"method":"get"}],"methods":{"get":true}}
[2018-06-25T15:25:22.660] [INFO] console - undefined
[2018-06-25T15:42:35.260] [INFO] console - Time: 1529912555260
[2018-06-25T15:42:35.264] [INFO] console - {"path":"/test","stack":[{"name":"<anonymous>","keys":[],"regexp":{"fast_star":false,"fast_slash":false},"method":"get"}],"methods":{"get":true}}
[2018-06-25T15:42:35.264] [INFO] console - undefined
[2018-06-25T15:43:26.621] [INFO] console - Time: 1529912606621
[2018-06-25T15:43:26.624] [INFO] console - {"path":"/test","stack":[{"name":"<anonymous>","keys":[],"regexp":{"fast_star":false,"fast_slash":false},"method":"get"}],"methods":{"get":true}}
[2018-06-25T15:43:26.625] [INFO] console - undefined
[2018-06-25T15:43:39.631] [INFO] console - Time: 1529912619631
[2018-06-25T15:43:39.636] [INFO] console - {"path":"/test","stack":[{"name":"<anonymous>","keys":[],"regexp":{"fast_star":false,"fast_slash":false},"method":"get"}],"methods":{"get":true}}
[2018-06-25T15:43:39.636] [INFO] console - undefined
[2018-06-25T15:43:40.377] [INFO] console - Time: 1529912620377
[2018-06-25T15:43:40.379] [INFO] console - {"path":"/test","stack":[{"name":"<anonymous>","keys":[],"regexp":{"fast_star":false,"fast_slash":false},"method":"get"}],"methods":{"get":true}}
[2018-06-25T15:43:40.380] [INFO] console - undefined
[2018-06-25T15:43:53.212] [INFO] console - Time: 1529912633212
[2018-06-25T15:43:53.215] [INFO] console - {"path":"/test","stack":[{"name":"<anonymous>","keys":[],"regexp":{"fast_star":false,"fast_slash":false},"method":"get"}],"methods":{"get":true}}
[2018-06-25T15:43:53.216] [INFO] console - undefined
[2018-06-25T15:44:07.384] [INFO] console - Time: 1529912647384
[2018-06-25T15:44:07.389] [INFO] console - {"path":"/test","stack":[{"name":"<anonymous>","keys":[],"regexp":{"fast_star":false,"fast_slash":false},"method":"get"}],"methods":{"get":true}}
[2018-06-25T15:44:07.390] [INFO] console - undefined
[2018-06-25T15:44:15.234] [INFO] console - Time: 1529912655234
[2018-06-25T15:44:15.239] [INFO] console - {"path":"/test","stack":[{"name":"<anonymous>","keys":[],"regexp":{"fast_star":false,"fast_slash":false},"method":"get"}],"methods":{"get":true}}
[2018-06-25T15:44:15.239] [INFO] console - undefined
[2018-06-25T15:44:24.520] [INFO] console - Time: 1529912664520
[2018-06-25T15:44:24.524] [INFO] console - {"path":"/test","stack":[{"name":"<anonymous>","keys":[],"regexp":{"fast_star":false,"fast_slash":false},"method":"get"}],"methods":{"get":true}}
[2018-06-25T15:44:24.525] [INFO] console - undefined
[2018-06-25T15:44:36.433] [INFO] console - Time: 1529912676433
[2018-06-25T15:44:36.438] [INFO] console - {"path":"/test","stack":[{"name":"<anonymous>","keys":[],"regexp":{"fast_star":false,"fast_slash":false},"method":"get"}],"methods":{"get":true}}
[2018-06-25T15:44:36.438] [INFO] console - undefined
[2018-06-25T15:44:52.637] [INFO] console - Time: 1529912692637
[2018-06-25T15:44:52.640] [INFO] console - {"path":"/test","stack":[{"name":"<anonymous>","keys":[],"regexp":{"fast_star":false,"fast_slash":false},"method":"get"}],"methods":{"get":true}}
[2018-06-25T15:45:21.990] [INFO] console - Time: 1529912721990
[2018-06-25T15:45:21.996] [INFO] console - {"path":"/test","stack":[{"name":"<anonymous>","keys":[],"regexp":{"fast_star":false,"fast_slash":false},"method":"get"}],"methods":{"get":true}}
[2018-06-25T15:45:40.710] [INFO] console - Time: 1529912740710
[2018-06-25T15:45:40.714] [INFO] console - {"path":"/test","stack":[{"name":"<anonymous>","keys":[],"regexp":{"fast_star":false,"fast_slash":false},"method":"get"}],"methods":{"get":true}}
[2018-06-25T15:45:40.901] [INFO] console - Time: 1529912740901
[2018-06-25T15:45:40.902] [INFO] console - {"path":"/test","stack":[{"name":"<anonymous>","keys":[],"regexp":{"fast_star":false,"fast_slash":false},"method":"get"}],"methods":{"get":true}}
[2018-06-25T15:45:48.307] [INFO] console - Time: 1529912748307
[2018-06-25T15:45:48.311] [INFO] console - {"path":"/test","stack":[{"name":"<anonymous>","keys":[],"regexp":{"fast_star":false,"fast_slash":false},"method":"get"}],"methods":{"get":true}}
[2018-06-25T15:45:52.992] [INFO] console - Time: 1529912752992
[2018-06-25T15:45:52.993] [INFO] console - {"path":"/test","stack":[{"name":"<anonymous>","keys":[],"regexp":{"fast_star":false,"fast_slash":false},"method":"get"}],"methods":{"get":true}}
[2018-06-25T15:48:57.693] [INFO] console - /test 127.0.0.1 2018-06-25T07:48:57.693Z
[2018-06-25T15:48:57.697] [INFO] console - GET /test /test 1529912937697
[2018-06-25T15:48:57.697] [INFO] console - {"path":"/test","stack":[{"name":"<anonymous>","keys":[],"regexp":{"fast_star":false,"fast_slash":false},"method":"get"}],"methods":{"get":true}}
[2018-06-25T15:54:06.884] [INFO] console - /test 127.0.0.1 2018-06-25T07:54:06.884Z
[2018-06-25T15:54:06.885] [INFO] console - GET /test /test 1529913246885
[2018-06-25T15:54:06.886] [INFO] console - {"path":"/test","stack":[{"name":"<anonymous>","keys":[],"regexp":{"fast_star":false,"fast_slash":false},"method":"get"}],"methods":{"get":true}}
[2018-06-25T15:54:08.444] [INFO] console - /test 127.0.0.1 2018-06-25T07:54:08.444Z
[2018-06-25T15:54:08.445] [INFO] console - GET /test /test 1529913248445
[2018-06-25T15:54:08.446] [INFO] console - {"path":"/test","stack":[{"name":"<anonymous>","keys":[],"regexp":{"fast_star":false,"fast_slash":false},"method":"get"}],"methods":{"get":true}}
[2018-06-25T15:54:09.173] [INFO] console - /test 127.0.0.1 2018-06-25T07:54:09.173Z
[2018-06-25T15:54:09.176] [INFO] console - GET /test /test 1529913249175
[2018-06-25T15:54:09.177] [INFO] console - {"path":"/test","stack":[{"name":"<anonymous>","keys":[],"regexp":{"fast_star":false,"fast_slash":false},"method":"get"}],"methods":{"get":true}}
[2018-06-25T15:54:09.636] [INFO] console - /test 127.0.0.1 2018-06-25T07:54:09.636Z
[2018-06-25T15:54:09.637] [INFO] console - GET /test /test 1529913249637
[2018-06-25T15:54:09.638] [INFO] console - {"path":"/test","stack":[{"name":"<anonymous>","keys":[],"regexp":{"fast_star":false,"fast_slash":false},"method":"get"}],"methods":{"get":true}}
[2018-06-25T15:54:09.888] [INFO] console - /test 127.0.0.1 2018-06-25T07:54:09.888Z
[2018-06-25T15:54:09.889] [INFO] console - GET /test /test 1529913249889
[2018-06-25T15:54:09.889] [INFO] console - {"path":"/test","stack":[{"name":"<anonymous>","keys":[],"regexp":{"fast_star":false,"fast_slash":false},"method":"get"}],"methods":{"get":true}}
[2018-06-25T15:54:10.329] [INFO] console - /test 127.0.0.1 2018-06-25T07:54:10.329Z
[2018-06-25T15:54:10.331] [INFO] console - GET /test /test 1529913250331
[2018-06-25T15:54:10.332] [INFO] console - {"path":"/test","stack":[{"name":"<anonymous>","keys":[],"regexp":{"fast_star":false,"fast_slash":false},"method":"get"}],"methods":{"get":true}}
[2018-06-25T15:54:10.576] [INFO] console - /test 127.0.0.1 2018-06-25T07:54:10.576Z
[2018-06-25T15:54:10.578] [INFO] console - GET /test /test 1529913250578
[2018-06-25T15:54:10.580] [INFO] console - {"path":"/test","stack":[{"name":"<anonymous>","keys":[],"regexp":{"fast_star":false,"fast_slash":false},"method":"get"}],"methods":{"get":true}}
[2018-06-25T15:54:10.981] [INFO] console - /test 127.0.0.1 2018-06-25T07:54:10.981Z
[2018-06-25T15:54:10.983] [INFO] console - GET /test /test 1529913250982
[2018-06-25T15:54:10.983] [INFO] console - {"path":"/test","stack":[{"name":"<anonymous>","keys":[],"regexp":{"fast_star":false,"fast_slash":false},"method":"get"}],"methods":{"get":true}}
[2018-06-25T15:54:11.340] [INFO] console - /test 127.0.0.1 2018-06-25T07:54:11.340Z
[2018-06-25T15:54:11.341] [INFO] console - GET /test /test 1529913251341
[2018-06-25T15:54:11.341] [INFO] console - {"path":"/test","stack":[{"name":"<anonymous>","keys":[],"regexp":{"fast_star":false,"fast_slash":false},"method":"get"}],"methods":{"get":true}}
[2018-06-25T17:19:09.200] [INFO] console - /test 127.0.0.1 2018-06-25T09:19:09.200Z
[2018-06-25T17:19:09.208] [INFO] console - GET /test /test 1529918349208
[2018-06-25T17:19:09.210] [INFO] console - {"path":"/test","stack":[{"name":"<anonymous>","keys":[],"regexp":{"fast_star":false,"fast_slash":false},"method":"get"}],"methods":{"get":true}}
[2018-06-25T17:19:13.125] [INFO] console - /test 127.0.0.1 2018-06-25T09:19:13.125Z
[2018-06-25T17:19:13.126] [INFO] console - GET /test /test 1529918353126
[2018-06-25T17:19:13.126] [INFO] console - {"path":"/test","stack":[{"name":"<anonymous>","keys":[],"regexp":{"fast_star":false,"fast_slash":false},"method":"get"}],"methods":{"get":true}}
[2018-06-25T17:19:14.019] [INFO] console - /test 127.0.0.1 2018-06-25T09:19:14.019Z
[2018-06-25T17:19:14.021] [INFO] console - GET /test /test 1529918354021
[2018-06-25T17:19:14.023] [INFO] console - {"path":"/test","stack":[{"name":"<anonymous>","keys":[],"regexp":{"fast_star":false,"fast_slash":false},"method":"get"}],"methods":{"get":true}}
[2018-06-25T17:19:14.678] [INFO] console - /test 127.0.0.1 2018-06-25T09:19:14.678Z
[2018-06-25T17:19:14.679] [INFO] console - GET /test /test 1529918354679
[2018-06-25T17:19:14.680] [INFO] console - {"path":"/test","stack":[{"name":"<anonymous>","keys":[],"regexp":{"fast_star":false,"fast_slash":false},"method":"get"}],"methods":{"get":true}}
[2018-06-25T17:19:15.192] [INFO] console - /test 127.0.0.1 2018-06-25T09:19:15.192Z
[2018-06-25T17:19:15.197] [INFO] console - GET /test /test 1529918355197
[2018-06-25T17:19:15.200] [INFO] console - {"path":"/test","stack":[{"name":"<anonymous>","keys":[],"regexp":{"fast_star":false,"fast_slash":false},"method":"get"}],"methods":{"get":true}}
[2018-06-25T17:19:15.738] [INFO] console - /test 127.0.0.1 2018-06-25T09:19:15.738Z
[2018-06-25T17:19:15.739] [INFO] console - GET /test /test 1529918355739
[2018-06-25T17:19:15.739] [INFO] console - {"path":"/test","stack":[{"name":"<anonymous>","keys":[],"regexp":{"fast_star":false,"fast_slash":false},"method":"get"}],"methods":{"get":true}}
[2018-06-25T17:19:16.222] [INFO] console - /test 127.0.0.1 2018-06-25T09:19:16.222Z
[2018-06-25T17:19:16.228] [INFO] console - GET /test /test 1529918356228
[2018-06-25T17:19:16.241] [INFO] console - {"path":"/test","stack":[{"name":"<anonymous>","keys":[],"regexp":{"fast_star":false,"fast_slash":false},"method":"get"}],"methods":{"get":true}}
[2018-06-25T17:20:02.295] [INFO] console - /test 127.0.0.1 2018-06-25T09:20:02.295Z
[2018-06-25T17:20:02.299] [INFO] console - GET /test /test 1529918402298
[2018-06-25T17:20:03.253] [INFO] console - /test 127.0.0.1 2018-06-25T09:20:03.253Z
[2018-06-25T17:20:03.258] [INFO] console - GET /test /test 1529918403257
[2018-06-25T17:20:03.989] [INFO] console - /test 127.0.0.1 2018-06-25T09:20:03.989Z
[2018-06-25T17:20:03.994] [INFO] console - GET /test /test 1529918403993
[2018-06-25T17:20:04.228] [INFO] console - /test 127.0.0.1 2018-06-25T09:20:04.228Z
[2018-06-25T17:20:04.229] [INFO] console - GET /test /test 1529918404229
[2018-06-25T17:20:04.528] [INFO] console - /test 127.0.0.1 2018-06-25T09:20:04.528Z
[2018-06-25T17:20:04.528] [INFO] console - GET /test /test 1529918404528
[2018-06-25T17:20:15.475] [INFO] console - /test 127.0.0.1 2018-06-25T09:20:15.475Z
[2018-06-25T17:20:15.479] [INFO] console - GET /test /test 1529918415479
[2018-06-25T17:20:15.479] [INFO] console - undefined
[2018-06-25T17:20:16.261] [INFO] console - /test 127.0.0.1 2018-06-25T09:20:16.261Z
[2018-06-25T17:20:16.262] [INFO] console - GET /test /test 1529918416262
[2018-06-25T17:20:16.263] [INFO] console - undefined
[2018-06-25T17:20:27.357] [INFO] console - /test 127.0.0.1 2018-06-25T09:20:27.357Z
[2018-06-25T17:20:27.361] [INFO] console - GET /test /test 1529918427361
[2018-06-25T17:20:27.362] [INFO] console - {"path":"/test","stack":[{"name":"<anonymous>","keys":[],"regexp":{"fast_star":false,"fast_slash":false},"method":"get"}],"methods":{"get":true}}
[2018-06-25T17:23:44.957] [INFO] console - /test 127.0.0.1 2018-06-25T09:23:44.957Z
[2018-06-25T17:23:44.961] [INFO] console - GET /test /test 1529918624961
[2018-06-25T17:23:45.787] [INFO] console - /test 127.0.0.1 2018-06-25T09:23:45.787Z
[2018-06-25T17:23:45.790] [INFO] console - GET /test /test 1529918625790
[2018-06-27T16:36:51.119] [INFO] console - / 127.0.0.1 2018-06-27T08:36:51.118Z
[2018-06-27T16:36:51.123] [INFO] console - GET / / 1530088611123
[2018-06-27T16:36:52.051] [INFO] console - /favicon.ico 127.0.0.1 2018-06-27T08:36:52.051Z
[2018-06-27T16:36:52.052] [INFO] console - GET /favicon.ico /favicon.ico 1530088612052
[2018-06-27T16:41:44.093] [INFO] console - /test 127.0.0.1 2018-06-27T08:41:44.093Z
[2018-06-27T16:41:44.094] [INFO] console - GET /test /test 1530088904094
[2018-06-27T16:42:09.312] [INFO] console - /test 127.0.0.1 2018-06-27T08:42:09.311Z
[2018-06-27T16:42:09.316] [INFO] console - GET /test /test 1530088929316
[2018-06-27T16:42:23.413] [INFO] console - /test 127.0.0.1 2018-06-27T08:42:23.411Z
[2018-06-27T16:42:23.429] [INFO] console - GET /test /test 1530088943429
[2018-06-27T16:42:48.256] [INFO] console - /test 127.0.0.1 2018-06-27T08:42:48.255Z
[2018-06-27T16:42:48.264] [INFO] console - GET /test /test 1530088968263
[2018-06-27T16:42:58.375] [INFO] console - /test 127.0.0.1 2018-06-27T08:42:58.373Z
[2018-06-27T16:42:58.384] [INFO] console - GET /test /test 1530088978384
[2018-06-27T16:44:12.374] [INFO] console - /test 127.0.0.1 2018-06-27T08:44:12.374Z
[2018-06-27T16:44:12.378] [INFO] console - GET /test /test 1530089052378
[2018-06-27T16:45:21.717] [INFO] console - /test 127.0.0.1 2018-06-27T08:45:21.716Z
[2018-06-27T16:45:21.724] [INFO] console - GET /test /test 1530089121724
[2018-06-27T16:45:57.158] [INFO] console - /test 127.0.0.1 2018-06-27T08:45:57.158Z
[2018-06-27T16:45:57.159] [INFO] console - GET /test /test 1530089157159
[2018-06-27T16:46:13.083] [INFO] console - /test 127.0.0.1 2018-06-27T08:46:13.083Z
[2018-06-27T16:46:13.085] [INFO] console - GET /test /test 1530089173085
[2018-06-27T16:46:14.034] [INFO] console - /test 127.0.0.1 2018-06-27T08:46:14.034Z
[2018-06-27T16:46:14.035] [INFO] console - GET /test /test 1530089174035
[2018-06-27T16:46:14.256] [INFO] console - /test 127.0.0.1 2018-06-27T08:46:14.256Z
[2018-06-27T16:46:14.257] [INFO] console - GET /test /test 1530089174257
[2018-06-27T16:46:14.440] [INFO] console - /test 127.0.0.1 2018-06-27T08:46:14.440Z
[2018-06-27T16:46:14.440] [INFO] console - GET /test /test 1530089174440
[2018-06-27T16:46:14.602] [INFO] console - /test 127.0.0.1 2018-06-27T08:46:14.602Z
[2018-06-27T16:46:14.603] [INFO] console - GET /test /test 1530089174603
[2018-06-27T16:46:14.774] [INFO] console - /test 127.0.0.1 2018-06-27T08:46:14.774Z
[2018-06-27T16:46:14.774] [INFO] console - GET /test /test 1530089174774
[2018-06-27T16:46:14.931] [INFO] console - /test 127.0.0.1 2018-06-27T08:46:14.931Z
[2018-06-27T16:46:14.932] [INFO] console - GET /test /test 1530089174932
[2018-06-27T16:49:19.775] [INFO] console - /test 127.0.0.1 2018-06-27T08:49:19.775Z
[2018-06-27T16:49:19.776] [INFO] console - GET /test /test 1530089359776
[2018-06-27T16:50:17.746] [INFO] console - /test 127.0.0.1 2018-06-27T08:50:17.746Z
[2018-06-27T16:50:17.750] [INFO] console - GET /test /test 1530089417750
[2018-06-27T16:50:18.904] [INFO] console - /test 127.0.0.1 2018-06-27T08:50:18.904Z
[2018-06-27T16:50:18.905] [INFO] console - GET /test /test 1530089418905
[2018-06-27T16:50:19.570] [INFO] console - /test 127.0.0.1 2018-06-27T08:50:19.570Z
[2018-06-27T16:50:19.571] [INFO] console - GET /test /test 1530089419571
[2018-06-27T16:50:31.197] [INFO] console - /test 127.0.0.1 2018-06-27T08:50:31.197Z
[2018-06-27T16:50:31.198] [INFO] console - GET /test /test 1530089431198
[2018-06-27T16:50:31.890] [INFO] console - /test 127.0.0.1 2018-06-27T08:50:31.890Z
[2018-06-27T16:50:31.891] [INFO] console - GET /test /test 1530089431891
[2018-06-27T16:50:37.359] [INFO] console - /test 127.0.0.1 2018-06-27T08:50:37.359Z
[2018-06-27T16:50:37.361] [INFO] console - GET /test /test 1530089437361
[2018-06-27T16:50:41.566] [INFO] console - /test 127.0.0.1 2018-06-27T08:50:41.566Z
[2018-06-27T16:50:41.568] [INFO] console - GET /test /test 1530089441568
[2018-06-27T16:50:42.347] [INFO] console - /test 127.0.0.1 2018-06-27T08:50:42.347Z
[2018-06-27T16:50:42.350] [INFO] console - GET /test /test 1530089442350
[2018-06-27T17:06:39.709] [INFO] console - /test 127.0.0.1 2018-06-27T09:06:39.709Z
[2018-06-27T17:06:39.709] [INFO] console - GET /test /test 1530090399709
[2018-07-09T17:01:10.043] [INFO] console - / ::1 2018-07-09T09:01:10.042Z
[2018-07-09T17:01:10.048] [INFO] console - GET / / 1531126870048
[2018-07-09T17:01:10.288] [INFO] console - /favicon.ico ::1 2018-07-09T09:01:10.288Z
[2018-07-09T17:01:10.289] [INFO] console - GET /favicon.ico /favicon.ico 1531126870289
[2018-07-09T17:01:35.996] [INFO] console - /test ::1 2018-07-09T09:01:35.996Z
[2018-07-09T17:01:35.997] [INFO] console - GET /test /test 1531126895997
[2018-07-09T17:01:48.311] [INFO] console - /test ::1 2018-07-09T09:01:48.311Z
[2018-07-09T17:01:48.316] [INFO] console - GET /test /test 1531126908315
[2018-07-09T17:02:16.850] [INFO] console - /test ::1 2018-07-09T09:02:16.849Z
[2018-07-09T17:02:16.857] [INFO] console - GET /test /test 1531126936856
[2018-07-09T17:02:46.187] [INFO] console - /test ::1 2018-07-09T09:02:46.187Z
[2018-07-09T17:02:46.196] [INFO] console - GET /test /test 1531126966196
[2018-07-09T17:03:03.977] [INFO] console - /test ::1 2018-07-09T09:03:03.976Z
[2018-07-09T17:03:03.980] [INFO] console - GET /test /test 1531126983980
[2018-07-09T17:06:05.126] [INFO] console - /test ::1 2018-07-09T09:06:05.125Z
[2018-07-09T17:06:05.130] [INFO] console - GET /test /test 1531127165129
[2018-07-09T17:06:06.624] [INFO] console - /test ::1 2018-07-09T09:06:06.624Z
[2018-07-09T17:06:06.627] [INFO] console - GET /test /test 1531127166627
[2018-07-09T17:06:07.492] [INFO] console - /test ::1 2018-07-09T09:06:07.492Z
[2018-07-09T17:06:07.495] [INFO] console - GET /test /test 1531127167495
[2018-07-09T17:06:15.929] [INFO] console - /test ::1 2018-07-09T09:06:15.928Z
[2018-07-09T17:06:15.934] [INFO] console - GET /test /test 1531127175934
[2018-07-09T17:06:44.007] [INFO] console - /test ::1 2018-07-09T09:06:44.007Z
[2018-07-09T17:06:44.012] [INFO] console - GET /test /test 1531127204012
[2018-07-09T17:07:00.767] [INFO] console - /test ::1 2018-07-09T09:07:00.766Z
[2018-07-09T17:07:00.770] [INFO] console - GET /test /test 1531127220769
[2018-07-09T17:07:14.905] [INFO] console - /test ::1 2018-07-09T09:07:14.904Z
[2018-07-09T17:07:14.910] [INFO] console - GET /test /test 1531127234910
[2018-07-09T17:07:31.286] [INFO] console - /test ::1 2018-07-09T09:07:31.285Z
[2018-07-09T17:07:31.289] [INFO] console - GET /test /test 1531127251289
[2018-07-09T17:07:32.386] [INFO] console - /test ::1 2018-07-09T09:07:32.386Z
[2018-07-09T17:07:32.386] [INFO] console - GET /test /test 1531127252386
[2018-07-09T17:10:51.823] [INFO] console - /test ::1 2018-07-09T09:10:51.822Z
[2018-07-09T17:10:51.827] [INFO] console - GET /test /test 1531127451827
[2018-07-09T17:10:59.987] [INFO] console - /test ::1 2018-07-09T09:10:59.986Z
[2018-07-09T17:10:59.990] [INFO] console - GET /test /test 1531127459990
[2018-07-09T17:13:16.780] [INFO] console - /test/123 ::1 2018-07-09T09:13:16.780Z
[2018-07-09T17:13:16.784] [INFO] console - GET /test/123 /test/123 1531127596784
[2018-07-09T17:13:24.232] [INFO] console - /test/123 ::1 2018-07-09T09:13:24.232Z
[2018-07-09T17:13:24.236] [INFO] console - GET /test/123 /test/123 1531127604236
[2018-07-09T17:13:29.797] [INFO] console - /test/123 ::1 2018-07-09T09:13:29.797Z
[2018-07-09T17:13:29.798] [INFO] console - GET /test/123 /test/123 1531127609797
[2018-07-09T17:13:50.206] [INFO] console - /test/123 ::1 2018-07-09T09:13:50.205Z
[2018-07-09T17:13:50.210] [INFO] console - GET /test/123 /test/123 1531127630210
[2018-07-09T17:13:56.559] [INFO] console - /test/123 ::1 2018-07-09T09:13:56.559Z
[2018-07-09T17:13:56.559] [INFO] console - GET /test/123 /test/123 1531127636559
[2018-07-09T17:14:04.837] [INFO] console - /test/123 ::1 2018-07-09T09:14:04.836Z
[2018-07-09T17:14:04.841] [INFO] console - GET /test/123 /test/123 1531127644841
[2018-07-09T17:14:13.374] [INFO] console - /test ::1 2018-07-09T09:14:13.374Z
[2018-07-09T17:14:13.374] [INFO] console - GET /test /test 1531127653374
[2018-07-31T15:03:32.630] [INFO] console - / ::1 2018-07-31T07:03:32.629Z
[2018-07-31T15:03:32.635] [INFO] console - GET / / 1533020612634
[2018-07-31T15:03:32.833] [INFO] console - /favicon.ico ::1 2018-07-31T07:03:32.833Z
[2018-07-31T15:03:32.834] [INFO] console - GET /favicon.ico /favicon.ico 1533020612834
[2018-07-31T15:03:56.350] [INFO] console - /test ::1 2018-07-31T07:03:56.350Z
[2018-07-31T15:03:56.351] [INFO] console - GET /test /test 1533020636351
[2018-08-02T14:44:36.910] [INFO] console - / ::1 2018-08-02T06:44:36.909Z
[2018-08-02T14:44:36.913] [INFO] console - GET / / 1533192276913
[2018-08-02T14:44:42.978] [INFO] console - /test ::1 2018-08-02T06:44:42.978Z
[2018-08-02T14:44:42.979] [INFO] console - GET /test /test 1533192282979
